<?xml version="1.0" encoding="utf-8"?>
<CoverageSession xmlns:xsd="http://www.w3.org/2001/XMLSchema" xmlns:xsi="http://www.w3.org/2001/XMLSchema-instance" Version="4.6.0.0">
  <Summary numSequencePoints="68" visitedSequencePoints="17" numBranchPoints="27" visitedBranchPoints="6" sequenceCoverage="25" branchCoverage="22.22" maxCyclomaticComplexity="4" minCyclomaticComplexity="1" maxCrapScore="20" minCrapScore="1" visitedClasses="2" numClasses="5" visitedMethods="4" numMethods="15" />
  <Modules>
    <Module hash="E5-90-A6-4F-BF-D9-81-3C-A2-89-19-87-1F-56-00-C0-E7-F3-66-37">
      <Summary numSequencePoints="68" visitedSequencePoints="17" numBranchPoints="27" visitedBranchPoints="6" sequenceCoverage="25" branchCoverage="22.22" maxCyclomaticComplexity="4" minCyclomaticComplexity="1" maxCrapScore="20" minCrapScore="1" visitedClasses="2" numClasses="5" visitedMethods="4" numMethods="15" />
      <ModulePath>C:\Users\Geovane\Documents\GitHub\PlaygroundUnitTest\MainLibrary\bin\Debug\MainLibrary.dll</ModulePath>
      <ModuleTime>2019-10-30T00:43:43.6748186Z</ModuleTime>
      <ModuleName>MainLibrary</ModuleName>
      <Files>
        <File uid="1" fullPath="C:\Users\Geovane\Documents\GitHub\PlaygroundUnitTest\MainLibrary\BankAccount.cs" />
        <File uid="2" fullPath="C:\Users\Geovane\Documents\GitHub\PlaygroundUnitTest\MainLibrary\BankAccountTest.cs" />
        <File uid="3" fullPath="C:\Users\Geovane\Documents\GitHub\PlaygroundUnitTest\MainLibrary\DataDrivenTest.cs" />
      </Files>
      <Classes>
        <Class>
          <Summary numSequencePoints="27" visitedSequencePoints="11" numBranchPoints="14" visitedBranchPoints="4" sequenceCoverage="40.74" branchCoverage="28.57" maxCyclomaticComplexity="4" minCyclomaticComplexity="1" maxCrapScore="20" minCrapScore="1" visitedClasses="1" numClasses="1" visitedMethods="2" numMethods="4" />
          <FullName>MainLibrary.BankAccount</FullName>
          <Methods>
            <Method skippedDueTo="AutoImplementedProperty" visited="false" cyclomaticComplexity="1" nPathComplexity="0" sequenceCoverage="0" branchCoverage="0" crapScore="0" isConstructor="false" isStatic="false" isGetter="true" isSetter="false">
              <MetadataToken>100663297</MetadataToken>
              <Name>System.Int32 MainLibrary.BankAccount::get_Balance()</Name>
              <FileRef uid="1" />
              <SequencePoints />
              <BranchPoints />
            </Method>
            <Method skippedDueTo="AutoImplementedProperty" visited="false" cyclomaticComplexity="1" nPathComplexity="0" sequenceCoverage="0" branchCoverage="0" crapScore="0" isConstructor="false" isStatic="false" isGetter="false" isSetter="true">
              <MetadataToken>100663298</MetadataToken>
              <Name>System.Void MainLibrary.BankAccount::set_Balance(System.Int32)</Name>
              <FileRef uid="1" />
              <SequencePoints />
              <BranchPoints />
            </Method>
            <Method visited="true" cyclomaticComplexity="1" nPathComplexity="0" sequenceCoverage="100" branchCoverage="100" crapScore="1" isConstructor="true" isStatic="false" isGetter="false" isSetter="false">
              <Summary numSequencePoints="5" visitedSequencePoints="5" numBranchPoints="1" visitedBranchPoints="1" sequenceCoverage="100" branchCoverage="100" maxCyclomaticComplexity="1" minCyclomaticComplexity="1" maxCrapScore="1" minCrapScore="1" visitedClasses="0" numClasses="0" visitedMethods="1" numMethods="1" />
              <MetadataToken>100663299</MetadataToken>
              <Name>System.Void MainLibrary.BankAccount::.ctor(System.Int32)</Name>
              <FileRef uid="1" />
              <SequencePoints>
                <SequencePoint vc="1" uspid="1" ordinal="0" offset="0" sl="40" sc="9" el="44" ec="11" bec="0" bev="0" fileid="1" />
                <SequencePoint vc="1" uspid="2" ordinal="1" offset="45" sl="14" sc="9" el="14" ec="48" bec="0" bev="0" fileid="1" />
                <SequencePoint vc="1" uspid="3" ordinal="2" offset="52" sl="15" sc="9" el="15" ec="10" bec="0" bev="0" fileid="1" />
                <SequencePoint vc="1" uspid="4" ordinal="3" offset="53" sl="16" sc="13" el="16" ec="39" bec="0" bev="0" fileid="1" />
                <SequencePoint vc="1" uspid="5" ordinal="4" offset="61" sl="17" sc="9" el="17" ec="10" bec="0" bev="0" fileid="1" />
              </SequencePoints>
              <BranchPoints />
              <MethodPoint xsi:type="SequencePoint" vc="1" uspid="1" ordinal="0" offset="0" sl="40" sc="9" el="44" ec="11" bec="0" bev="0" fileid="1" />
            </Method>
            <Method visited="false" cyclomaticComplexity="2" nPathComplexity="2" sequenceCoverage="0" branchCoverage="0" crapScore="6" isConstructor="false" isStatic="false" isGetter="false" isSetter="false">
              <Summary numSequencePoints="5" visitedSequencePoints="0" numBranchPoints="3" visitedBranchPoints="0" sequenceCoverage="0" branchCoverage="0" maxCyclomaticComplexity="2" minCyclomaticComplexity="2" maxCrapScore="6" minCrapScore="6" visitedClasses="0" numClasses="0" visitedMethods="0" numMethods="1" />
              <MetadataToken>100663300</MetadataToken>
              <Name>System.Void MainLibrary.BankAccount::Deposit(System.Int32)</Name>
              <FileRef uid="1" />
              <SequencePoints>
                <SequencePoint vc="0" uspid="6" ordinal="0" offset="0" sl="20" sc="9" el="20" ec="10" bec="0" bev="0" fileid="1" />
                <SequencePoint vc="0" uspid="7" ordinal="1" offset="1" sl="21" sc="13" el="21" ec="29" bec="2" bev="0" fileid="1" />
                <SequencePoint vc="0" uspid="8" ordinal="2" offset="12" sl="22" sc="17" el="22" ec="96" bec="0" bev="0" fileid="1" />
                <SequencePoint vc="0" uspid="9" ordinal="3" offset="28" sl="24" sc="13" el="24" ec="31" bec="0" bev="0" fileid="1" />
                <SequencePoint vc="0" uspid="10" ordinal="4" offset="43" sl="25" sc="9" el="25" ec="10" bec="0" bev="0" fileid="1" />
              </SequencePoints>
              <BranchPoints>
                <BranchPoint vc="0" uspid="11" ordinal="0" offset="10" sl="21" path="0" offsetend="12" fileid="1" />
                <BranchPoint vc="0" uspid="12" ordinal="1" offset="10" sl="21" path="1" offsetend="28" fileid="1" />
              </BranchPoints>
              <MethodPoint xsi:type="SequencePoint" vc="0" uspid="6" ordinal="0" offset="0" sl="20" sc="9" el="20" ec="10" bec="0" bev="0" fileid="1" />
            </Method>
            <Method visited="false" cyclomaticComplexity="4" nPathComplexity="4" sequenceCoverage="0" branchCoverage="0" crapScore="20" isConstructor="false" isStatic="false" isGetter="false" isSetter="false">
              <Summary numSequencePoints="9" visitedSequencePoints="0" numBranchPoints="5" visitedBranchPoints="0" sequenceCoverage="0" branchCoverage="0" maxCyclomaticComplexity="4" minCyclomaticComplexity="4" maxCrapScore="20" minCrapScore="20" visitedClasses="0" numClasses="0" visitedMethods="0" numMethods="1" />
              <MetadataToken>100663301</MetadataToken>
              <Name>System.Boolean MainLibrary.BankAccount::Withdraw(System.Int32)</Name>
              <FileRef uid="1" />
              <SequencePoints>
                <SequencePoint vc="0" uspid="13" ordinal="0" offset="0" sl="28" sc="9" el="28" ec="10" bec="0" bev="0" fileid="1" />
                <SequencePoint vc="0" uspid="14" ordinal="1" offset="1" sl="29" sc="13" el="29" ec="29" bec="2" bev="0" fileid="1" />
                <SequencePoint vc="0" uspid="15" ordinal="2" offset="12" sl="30" sc="17" el="30" ec="97" bec="0" bev="0" fileid="1" />
                <SequencePoint vc="0" uspid="16" ordinal="3" offset="28" sl="32" sc="13" el="32" ec="49" bec="2" bev="0" fileid="1" />
                <SequencePoint vc="0" uspid="17" ordinal="4" offset="48" sl="33" sc="13" el="33" ec="14" bec="0" bev="0" fileid="1" />
                <SequencePoint vc="0" uspid="18" ordinal="5" offset="49" sl="34" sc="17" el="34" ec="35" bec="0" bev="0" fileid="1" />
                <SequencePoint vc="0" uspid="19" ordinal="6" offset="64" sl="35" sc="17" el="35" ec="29" bec="0" bev="0" fileid="1" />
                <SequencePoint vc="0" uspid="20" ordinal="7" offset="68" sl="37" sc="13" el="37" ec="26" bec="0" bev="0" fileid="1" />
                <SequencePoint vc="0" uspid="21" ordinal="8" offset="72" sl="38" sc="9" el="38" ec="10" bec="0" bev="0" fileid="1" />
              </SequencePoints>
              <BranchPoints>
                <BranchPoint vc="0" uspid="22" ordinal="0" offset="10" sl="29" path="0" offsetend="12" fileid="1" />
                <BranchPoint vc="0" uspid="23" ordinal="1" offset="10" sl="29" path="1" offsetend="28" fileid="1" />
                <BranchPoint vc="0" uspid="26" ordinal="4" offset="46" sl="32" path="0" offsetend="48" fileid="1" />
                <BranchPoint vc="0" uspid="27" ordinal="5" offset="46" sl="32" path="1" offsetend="68" fileid="1" />
              </BranchPoints>
              <MethodPoint xsi:type="SequencePoint" vc="0" uspid="13" ordinal="0" offset="0" sl="28" sc="9" el="28" ec="10" bec="0" bev="0" fileid="1" />
            </Method>
            <Method visited="true" cyclomaticComplexity="3" nPathComplexity="4" sequenceCoverage="75" branchCoverage="60" crapScore="3.14" isConstructor="false" isStatic="false" isGetter="false" isSetter="false">
              <Summary numSequencePoints="8" visitedSequencePoints="6" numBranchPoints="5" visitedBranchPoints="3" sequenceCoverage="75" branchCoverage="60" maxCyclomaticComplexity="3" minCyclomaticComplexity="3" maxCrapScore="3.14" minCrapScore="3.14" visitedClasses="0" numClasses="0" visitedMethods="1" numMethods="1" />
              <MetadataToken>100663302</MetadataToken>
              <Name>System.Boolean MainLibrary.BankAccount::Login(System.String,System.String)</Name>
              <FileRef uid="1" />
              <SequencePoints>
                <SequencePoint vc="1" uspid="28" ordinal="0" offset="0" sl="47" sc="9" el="47" ec="10" bec="0" bev="0" fileid="1">
                  <TrackedMethodRefs>
                    <TrackedMethodRef uid="4" vc="1" />
                  </TrackedMethodRefs>
                </SequencePoint>
                <SequencePoint vc="1" uspid="29" ordinal="1" offset="1" sl="48" sc="13" el="48" ec="66" bec="2" bev="1" fileid="1">
                  <TrackedMethodRefs>
                    <TrackedMethodRef uid="4" vc="1" />
                  </TrackedMethodRefs>
                </SequencePoint>
                <SequencePoint vc="1" uspid="30" ordinal="2" offset="19" sl="49" sc="13" el="49" ec="14" bec="0" bev="0" fileid="1">
                  <TrackedMethodRefs>
                    <TrackedMethodRef uid="4" vc="1" />
                  </TrackedMethodRefs>
                </SequencePoint>
                <SequencePoint vc="1" uspid="31" ordinal="3" offset="20" sl="50" sc="17" el="50" ec="39" bec="2" bev="1" fileid="1">
                  <TrackedMethodRefs>
                    <TrackedMethodRef uid="4" vc="1" />
                  </TrackedMethodRefs>
                </SequencePoint>
                <SequencePoint vc="1" uspid="32" ordinal="4" offset="31" sl="51" sc="21" el="51" ec="33" bec="0" bev="0" fileid="1">
                  <TrackedMethodRefs>
                    <TrackedMethodRef uid="4" vc="1" />
                  </TrackedMethodRefs>
                </SequencePoint>
                <SequencePoint vc="0" uspid="33" ordinal="5" offset="35" sl="53" sc="21" el="53" ec="34" bec="0" bev="0" fileid="1" />
                <SequencePoint vc="0" uspid="34" ordinal="6" offset="39" sl="56" sc="17" el="56" ec="30" bec="0" bev="0" fileid="1" />
                <SequencePoint vc="1" uspid="35" ordinal="7" offset="43" sl="57" sc="9" el="57" ec="10" bec="0" bev="0" fileid="1">
                  <TrackedMethodRefs>
                    <TrackedMethodRef uid="4" vc="1" />
                  </TrackedMethodRefs>
                </SequencePoint>
              </SequencePoints>
              <BranchPoints>
                <BranchPoint vc="1" uspid="36" ordinal="0" offset="17" sl="48" path="0" offsetend="19" fileid="1">
                  <TrackedMethodRefs>
                    <TrackedMethodRef uid="4" vc="1" />
                  </TrackedMethodRefs>
                </BranchPoint>
                <BranchPoint vc="0" uspid="37" ordinal="1" offset="17" sl="48" path="1" offsetend="39" fileid="1" />
                <BranchPoint vc="1" uspid="38" ordinal="2" offset="29" sl="50" path="0" offsetend="31" fileid="1">
                  <TrackedMethodRefs>
                    <TrackedMethodRef uid="4" vc="1" />
                  </TrackedMethodRefs>
                </BranchPoint>
                <BranchPoint vc="0" uspid="39" ordinal="3" offset="29" sl="50" path="1" offsetend="35" fileid="1" />
              </BranchPoints>
              <MethodPoint xsi:type="SequencePoint" vc="1" uspid="28" ordinal="0" offset="0" sl="47" sc="9" el="47" ec="10" bec="0" bev="0" fileid="1">
                <TrackedMethodRefs>
                  <TrackedMethodRef uid="4" vc="1" />
                </TrackedMethodRefs>
              </MethodPoint>
            </Method>
          </Methods>
        </Class>
        <Class>
          <Summary numSequencePoints="22" visitedSequencePoints="6" numBranchPoints="7" visitedBranchPoints="2" sequenceCoverage="27.27" branchCoverage="28.57" maxCyclomaticComplexity="1" minCyclomaticComplexity="1" maxCrapScore="2" minCrapScore="1" visitedClasses="1" numClasses="1" visitedMethods="2" numMethods="7" />
          <FullName>MainLibrary.BankAccountTest</FullName>
          <Methods>
            <Method visited="true" cyclomaticComplexity="1" nPathComplexity="0" sequenceCoverage="100" branchCoverage="100" crapScore="1" isConstructor="false" isStatic="false" isGetter="false" isSetter="false">
              <Summary numSequencePoints="3" visitedSequencePoints="3" numBranchPoints="1" visitedBranchPoints="1" sequenceCoverage="100" branchCoverage="100" maxCyclomaticComplexity="1" minCyclomaticComplexity="1" maxCrapScore="1" minCrapScore="1" visitedClasses="0" numClasses="0" visitedMethods="1" numMethods="1" />
              <MetadataToken>100663303</MetadataToken>
              <Name>System.Void MainLibrary.BankAccountTest::Setup()</Name>
              <FileRef uid="2" />
              <SequencePoints>
                <SequencePoint vc="1" uspid="40" ordinal="0" offset="0" sl="17" sc="9" el="17" ec="10" bec="0" bev="0" fileid="2" />
                <SequencePoint vc="1" uspid="41" ordinal="1" offset="1" sl="20" sc="13" el="20" ec="44" bec="0" bev="0" fileid="2" />
                <SequencePoint vc="1" uspid="42" ordinal="2" offset="14" sl="21" sc="9" el="21" ec="10" bec="0" bev="0" fileid="2" />
              </SequencePoints>
              <BranchPoints />
              <MethodPoint xsi:type="SequencePoint" vc="1" uspid="40" ordinal="0" offset="0" sl="17" sc="9" el="17" ec="10" bec="0" bev="0" fileid="2" />
            </Method>
            <Method visited="false" cyclomaticComplexity="1" nPathComplexity="0" sequenceCoverage="0" branchCoverage="0" crapScore="2" isConstructor="false" isStatic="false" isGetter="false" isSetter="false">
              <Summary numSequencePoints="4" visitedSequencePoints="0" numBranchPoints="1" visitedBranchPoints="0" sequenceCoverage="0" branchCoverage="0" maxCyclomaticComplexity="1" minCyclomaticComplexity="1" maxCrapScore="2" minCrapScore="2" visitedClasses="0" numClasses="0" visitedMethods="0" numMethods="1" />
              <MetadataToken>100663304</MetadataToken>
              <Name>System.Void MainLibrary.BankAccountTest::BankAccountShouldIncreaseOnPositiveDeposit()</Name>
              <FileRef uid="2" />
              <SequencePoints>
                <SequencePoint vc="0" uspid="43" ordinal="0" offset="0" sl="25" sc="9" el="25" ec="10" bec="0" bev="0" fileid="2" />
                <SequencePoint vc="0" uspid="44" ordinal="1" offset="1" sl="27" sc="13" el="27" ec="34" bec="0" bev="0" fileid="2" />
                <SequencePoint vc="0" uspid="45" ordinal="2" offset="15" sl="29" sc="13" el="29" ec="59" bec="0" bev="0" fileid="2" />
                <SequencePoint vc="0" uspid="46" ordinal="3" offset="47" sl="30" sc="9" el="30" ec="10" bec="0" bev="0" fileid="2" />
              </SequencePoints>
              <BranchPoints />
              <MethodPoint xsi:type="SequencePoint" vc="0" uspid="43" ordinal="0" offset="0" sl="25" sc="9" el="25" ec="10" bec="0" bev="0" fileid="2" />
            </Method>
            <Method visited="false" cyclomaticComplexity="1" nPathComplexity="0" sequenceCoverage="0" branchCoverage="0" crapScore="2" isConstructor="false" isStatic="false" isGetter="false" isSetter="false">
              <Summary numSequencePoints="4" visitedSequencePoints="0" numBranchPoints="1" visitedBranchPoints="0" sequenceCoverage="0" branchCoverage="0" maxCyclomaticComplexity="1" minCyclomaticComplexity="1" maxCrapScore="2" minCrapScore="2" visitedClasses="0" numClasses="0" visitedMethods="0" numMethods="1" />
              <MetadataToken>100663305</MetadataToken>
              <Name>System.Void MainLibrary.BankAccountTest::BankAccountShouldDecreaseOnPositiveWithdraw()</Name>
              <FileRef uid="2" />
              <SequencePoints>
                <SequencePoint vc="0" uspid="47" ordinal="0" offset="0" sl="34" sc="9" el="34" ec="10" bec="0" bev="0" fileid="2" />
                <SequencePoint vc="0" uspid="48" ordinal="1" offset="1" sl="36" sc="13" el="36" ec="34" bec="0" bev="0" fileid="2" />
                <SequencePoint vc="0" uspid="49" ordinal="2" offset="15" sl="38" sc="13" el="38" ec="58" bec="0" bev="0" fileid="2" />
                <SequencePoint vc="0" uspid="50" ordinal="3" offset="44" sl="39" sc="9" el="39" ec="10" bec="0" bev="0" fileid="2" />
              </SequencePoints>
              <BranchPoints />
              <MethodPoint xsi:type="SequencePoint" vc="0" uspid="47" ordinal="0" offset="0" sl="34" sc="9" el="34" ec="10" bec="0" bev="0" fileid="2" />
            </Method>
            <Method visited="false" cyclomaticComplexity="1" nPathComplexity="0" sequenceCoverage="0" branchCoverage="0" crapScore="2" isConstructor="false" isStatic="false" isGetter="false" isSetter="false">
              <Summary numSequencePoints="4" visitedSequencePoints="0" numBranchPoints="1" visitedBranchPoints="0" sequenceCoverage="0" branchCoverage="0" maxCyclomaticComplexity="1" minCyclomaticComplexity="1" maxCrapScore="2" minCrapScore="2" visitedClasses="0" numClasses="0" visitedMethods="0" numMethods="1" />
              <MetadataToken>100663306</MetadataToken>
              <Name>System.Void MainLibrary.BankAccountTest::BankAccountShouldThrowOnPositiveAmount()</Name>
              <FileRef uid="2" />
              <SequencePoints>
                <SequencePoint vc="0" uspid="51" ordinal="0" offset="0" sl="43" sc="9" el="43" ec="10" bec="0" bev="0" fileid="2" />
                <SequencePoint vc="0" uspid="52" ordinal="1" offset="1" sl="44" sc="13" el="44" ec="82" bec="0" bev="0" fileid="2" />
                <SequencePoint vc="0" uspid="53" ordinal="2" offset="19" sl="46" sc="13" el="46" ec="84" bec="0" bev="0" fileid="2" />
                <SequencePoint vc="0" uspid="54" ordinal="3" offset="36" sl="47" sc="9" el="47" ec="10" bec="0" bev="0" fileid="2" />
              </SequencePoints>
              <BranchPoints />
              <MethodPoint xsi:type="SequencePoint" vc="0" uspid="51" ordinal="0" offset="0" sl="43" sc="9" el="43" ec="10" bec="0" bev="0" fileid="2" />
            </Method>
            <Method visited="true" cyclomaticComplexity="1" nPathComplexity="0" sequenceCoverage="100" branchCoverage="100" crapScore="1" isConstructor="false" isStatic="false" isGetter="false" isSetter="false">
              <Summary numSequencePoints="3" visitedSequencePoints="3" numBranchPoints="1" visitedBranchPoints="1" sequenceCoverage="100" branchCoverage="100" maxCyclomaticComplexity="1" minCyclomaticComplexity="1" maxCrapScore="1" minCrapScore="1" visitedClasses="0" numClasses="0" visitedMethods="1" numMethods="1" />
              <MetadataToken>100663307</MetadataToken>
              <Name>System.Void MainLibrary.BankAccountTest::BankAccountLoginOk()</Name>
              <FileRef uid="2" />
              <SequencePoints>
                <SequencePoint vc="1" uspid="55" ordinal="0" offset="0" sl="51" sc="9" el="51" ec="10" bec="0" bev="0" fileid="2">
                  <TrackedMethodRefs>
                    <TrackedMethodRef uid="4" vc="1" />
                  </TrackedMethodRefs>
                </SequencePoint>
                <SequencePoint vc="1" uspid="56" ordinal="1" offset="1" sl="52" sc="13" el="52" ec="71" bec="0" bev="0" fileid="2">
                  <TrackedMethodRefs>
                    <TrackedMethodRef uid="4" vc="1" />
                  </TrackedMethodRefs>
                </SequencePoint>
                <SequencePoint vc="1" uspid="57" ordinal="2" offset="28" sl="53" sc="9" el="53" ec="10" bec="0" bev="0" fileid="2">
                  <TrackedMethodRefs>
                    <TrackedMethodRef uid="4" vc="1" />
                  </TrackedMethodRefs>
                </SequencePoint>
              </SequencePoints>
              <BranchPoints />
              <MethodPoint xsi:type="SequencePoint" vc="1" uspid="55" ordinal="0" offset="0" sl="51" sc="9" el="51" ec="10" bec="0" bev="0" fileid="2">
                <TrackedMethodRefs>
                  <TrackedMethodRef uid="4" vc="1" />
                </TrackedMethodRefs>
              </MethodPoint>
            </Method>
            <Method visited="false" cyclomaticComplexity="1" nPathComplexity="0" sequenceCoverage="0" branchCoverage="0" crapScore="2" isConstructor="false" isStatic="false" isGetter="false" isSetter="false">
              <Summary numSequencePoints="3" visitedSequencePoints="0" numBranchPoints="1" visitedBranchPoints="0" sequenceCoverage="0" branchCoverage="0" maxCyclomaticComplexity="1" minCyclomaticComplexity="1" maxCrapScore="2" minCrapScore="2" visitedClasses="0" numClasses="0" visitedMethods="0" numMethods="1" />
              <MetadataToken>100663308</MetadataToken>
              <Name>System.Void MainLibrary.BankAccountTest::BankAccountLoginNotOk()</Name>
              <FileRef uid="2" />
              <SequencePoints>
                <SequencePoint vc="0" uspid="58" ordinal="0" offset="0" sl="56" sc="9" el="56" ec="10" bec="0" bev="0" fileid="2" />
                <SequencePoint vc="0" uspid="59" ordinal="1" offset="1" sl="57" sc="13" el="57" ec="73" bec="0" bev="0" fileid="2" />
                <SequencePoint vc="0" uspid="60" ordinal="2" offset="28" sl="58" sc="9" el="58" ec="10" bec="0" bev="0" fileid="2" />
              </SequencePoints>
              <BranchPoints />
              <MethodPoint xsi:type="SequencePoint" vc="0" uspid="58" ordinal="0" offset="0" sl="56" sc="9" el="56" ec="10" bec="0" bev="0" fileid="2" />
            </Method>
            <Method visited="false" cyclomaticComplexity="1" nPathComplexity="0" sequenceCoverage="0" branchCoverage="0" crapScore="2" isConstructor="true" isStatic="false" isGetter="false" isSetter="false">
              <Summary numSequencePoints="0" visitedSequencePoints="0" numBranchPoints="0" visitedBranchPoints="0" sequenceCoverage="0" branchCoverage="0" maxCyclomaticComplexity="1" minCyclomaticComplexity="1" maxCrapScore="2" minCrapScore="2" visitedClasses="0" numClasses="0" visitedMethods="0" numMethods="0" />
              <MetadataToken>100663309</MetadataToken>
              <Name>System.Void MainLibrary.BankAccountTest::.ctor()</Name>
              <SequencePoints />
              <BranchPoints />
              <MethodPoint vc="0" uspid="61" ordinal="0" offset="0" />
            </Method>
            <Method visited="false" cyclomaticComplexity="1" nPathComplexity="0" sequenceCoverage="0" branchCoverage="0" crapScore="2" isConstructor="false" isStatic="false" isGetter="false" isSetter="false">
              <Summary numSequencePoints="1" visitedSequencePoints="0" numBranchPoints="1" visitedBranchPoints="0" sequenceCoverage="0" branchCoverage="0" maxCyclomaticComplexity="1" minCyclomaticComplexity="1" maxCrapScore="2" minCrapScore="2" visitedClasses="0" numClasses="0" visitedMethods="0" numMethods="1" />
              <MetadataToken>100663310</MetadataToken>
              <Name>System.Void MainLibrary.BankAccountTest::&lt;BankAccountShouldThrowOnPositiveAmount&gt;b__4_0()</Name>
              <FileRef uid="2" />
              <SequencePoints>
                <SequencePoint vc="0" uspid="62" ordinal="0" offset="0" sl="44" sc="61" el="44" ec="80" bec="0" bev="0" fileid="2" />
              </SequencePoints>
              <BranchPoints />
              <MethodPoint xsi:type="SequencePoint" vc="0" uspid="62" ordinal="0" offset="0" sl="44" sc="61" el="44" ec="80" bec="0" bev="0" fileid="2" />
            </Method>
          </Methods>
        </Class>
        <Class>
          <Summary numSequencePoints="14" visitedSequencePoints="0" numBranchPoints="4" visitedBranchPoints="0" sequenceCoverage="0" branchCoverage="0" maxCyclomaticComplexity="2" minCyclomaticComplexity="1" maxCrapScore="6" minCrapScore="2" visitedClasses="0" numClasses="1" visitedMethods="0" numMethods="2" />
          <FullName>MainLibrary.DataDrivenTest</FullName>
          <Methods>
            <Method visited="false" cyclomaticComplexity="1" nPathComplexity="0" sequenceCoverage="0" branchCoverage="0" crapScore="2" isConstructor="false" isStatic="false" isGetter="false" isSetter="false">
              <Summary numSequencePoints="3" visitedSequencePoints="0" numBranchPoints="1" visitedBranchPoints="0" sequenceCoverage="0" branchCoverage="0" maxCyclomaticComplexity="1" minCyclomaticComplexity="1" maxCrapScore="2" minCrapScore="2" visitedClasses="0" numClasses="0" visitedMethods="0" numMethods="1" />
              <MetadataToken>100663311</MetadataToken>
              <Name>System.Void MainLibrary.DataDrivenTest::SetUp()</Name>
              <FileRef uid="3" />
              <SequencePoints>
                <SequencePoint vc="0" uspid="63" ordinal="0" offset="0" sl="17" sc="9" el="17" ec="10" bec="0" bev="0" fileid="3" />
                <SequencePoint vc="0" uspid="64" ordinal="1" offset="1" sl="18" sc="13" el="18" ec="44" bec="0" bev="0" fileid="3" />
                <SequencePoint vc="0" uspid="65" ordinal="2" offset="14" sl="19" sc="9" el="19" ec="10" bec="0" bev="0" fileid="3" />
              </SequencePoints>
              <BranchPoints />
              <MethodPoint xsi:type="SequencePoint" vc="0" uspid="63" ordinal="0" offset="0" sl="17" sc="9" el="17" ec="10" bec="0" bev="0" fileid="3" />
            </Method>
            <Method visited="false" cyclomaticComplexity="2" nPathComplexity="2" sequenceCoverage="0" branchCoverage="0" crapScore="6" isConstructor="false" isStatic="false" isGetter="false" isSetter="false">
              <Summary numSequencePoints="11" visitedSequencePoints="0" numBranchPoints="3" visitedBranchPoints="0" sequenceCoverage="0" branchCoverage="0" maxCyclomaticComplexity="2" minCyclomaticComplexity="2" maxCrapScore="6" minCrapScore="6" visitedClasses="0" numClasses="0" visitedMethods="0" numMethods="1" />
              <MetadataToken>100663312</MetadataToken>
              <Name>System.Void MainLibrary.DataDrivenTest::TestMultipleWithdrawScenarios(System.Int32,System.Boolean,System.Int32)</Name>
              <FileRef uid="3" />
              <SequencePoints>
                <SequencePoint vc="0" uspid="66" ordinal="0" offset="34" sl="27" sc="9" el="27" ec="10" bec="0" bev="0" fileid="3" />
                <SequencePoint vc="0" uspid="67" ordinal="1" offset="35" sl="28" sc="13" el="28" ec="38" bec="2" bev="0" fileid="3" />
                <SequencePoint vc="0" uspid="68" ordinal="2" offset="48" sl="29" sc="13" el="29" ec="14" bec="0" bev="0" fileid="3" />
                <SequencePoint vc="0" uspid="69" ordinal="3" offset="49" sl="30" sc="17" el="30" ec="101" bec="0" bev="0" fileid="3" />
                <SequencePoint vc="0" uspid="70" ordinal="4" offset="67" sl="32" sc="17" el="32" ec="89" bec="0" bev="0" fileid="3" />
                <SequencePoint vc="0" uspid="71" ordinal="5" offset="84" sl="33" sc="13" el="33" ec="14" bec="0" bev="0" fileid="3" />
                <SequencePoint vc="0" uspid="72" ordinal="6" offset="100" sl="35" sc="13" el="35" ec="14" bec="0" bev="0" fileid="3" />
                <SequencePoint vc="0" uspid="73" ordinal="7" offset="101" sl="36" sc="17" el="36" ec="65" bec="0" bev="0" fileid="3" />
                <SequencePoint vc="0" uspid="74" ordinal="8" offset="129" sl="38" sc="17" el="43" ec="20" bec="0" bev="0" fileid="3" />
                <SequencePoint vc="0" uspid="75" ordinal="9" offset="147" sl="44" sc="13" el="44" ec="14" bec="0" bev="0" fileid="3" />
                <SequencePoint vc="0" uspid="76" ordinal="10" offset="148" sl="45" sc="9" el="45" ec="10" bec="0" bev="0" fileid="3" />
              </SequencePoints>
              <BranchPoints>
                <BranchPoint vc="0" uspid="77" ordinal="0" offset="46" sl="28" path="0" offsetend="48" fileid="3" />
                <BranchPoint vc="0" uspid="78" ordinal="1" offset="46" sl="28" path="1" offsetend="87" fileid="3" />
              </BranchPoints>
              <MethodPoint vc="0" uspid="79" ordinal="0" offset="0" />
            </Method>
            <Method visited="false" cyclomaticComplexity="1" nPathComplexity="0" sequenceCoverage="0" branchCoverage="0" crapScore="2" isConstructor="true" isStatic="false" isGetter="false" isSetter="false">
              <Summary numSequencePoints="0" visitedSequencePoints="0" numBranchPoints="0" visitedBranchPoints="0" sequenceCoverage="0" branchCoverage="0" maxCyclomaticComplexity="1" minCyclomaticComplexity="1" maxCrapScore="2" minCrapScore="2" visitedClasses="0" numClasses="0" visitedMethods="0" numMethods="0" />
              <MetadataToken>100663313</MetadataToken>
              <Name>System.Void MainLibrary.DataDrivenTest::.ctor()</Name>
              <SequencePoints />
              <BranchPoints />
              <MethodPoint vc="0" uspid="80" ordinal="0" offset="0" />
            </Method>
          </Methods>
        </Class>
        <Class>
          <Summary numSequencePoints="1" visitedSequencePoints="0" numBranchPoints="1" visitedBranchPoints="0" sequenceCoverage="0" branchCoverage="0" maxCyclomaticComplexity="1" minCyclomaticComplexity="1" maxCrapScore="2" minCrapScore="2" visitedClasses="0" numClasses="1" visitedMethods="0" numMethods="1" />
          <FullName>MainLibrary.DataDrivenTest/&lt;&gt;c__DisplayClass2_0</FullName>
          <Methods>
            <Method visited="false" cyclomaticComplexity="1" nPathComplexity="0" sequenceCoverage="0" branchCoverage="0" crapScore="2" isConstructor="true" isStatic="false" isGetter="false" isSetter="false">
              <Summary numSequencePoints="0" visitedSequencePoints="0" numBranchPoints="0" visitedBranchPoints="0" sequenceCoverage="0" branchCoverage="0" maxCyclomaticComplexity="1" minCyclomaticComplexity="1" maxCrapScore="2" minCrapScore="2" visitedClasses="0" numClasses="0" visitedMethods="0" numMethods="0" />
              <MetadataToken>100663314</MetadataToken>
              <Name>System.Void MainLibrary.DataDrivenTest/&lt;&gt;c__DisplayClass2_0::.ctor()</Name>
              <SequencePoints />
              <BranchPoints />
              <MethodPoint vc="0" uspid="81" ordinal="0" offset="0" />
            </Method>
            <Method visited="false" cyclomaticComplexity="1" nPathComplexity="0" sequenceCoverage="0" branchCoverage="0" crapScore="2" isConstructor="false" isStatic="false" isGetter="false" isSetter="false">
              <Summary numSequencePoints="1" visitedSequencePoints="0" numBranchPoints="1" visitedBranchPoints="0" sequenceCoverage="0" branchCoverage="0" maxCyclomaticComplexity="1" minCyclomaticComplexity="1" maxCrapScore="2" minCrapScore="2" visitedClasses="0" numClasses="0" visitedMethods="0" numMethods="1" />
              <MetadataToken>100663315</MetadataToken>
              <Name>System.Void MainLibrary.DataDrivenTest/&lt;&gt;c__DisplayClass2_0::&lt;TestMultipleWithdrawScenarios&gt;b__0()</Name>
              <FileRef uid="3" />
              <SequencePoints>
                <SequencePoint vc="0" uspid="82" ordinal="0" offset="0" sl="30" sc="65" el="30" ec="99" bec="0" bev="0" fileid="3" />
              </SequencePoints>
              <BranchPoints />
              <MethodPoint xsi:type="SequencePoint" vc="0" uspid="82" ordinal="0" offset="0" sl="30" sc="65" el="30" ec="99" bec="0" bev="0" fileid="3" />
            </Method>
          </Methods>
        </Class>
        <Class>
          <Summary numSequencePoints="4" visitedSequencePoints="0" numBranchPoints="1" visitedBranchPoints="0" sequenceCoverage="0" branchCoverage="0" maxCyclomaticComplexity="1" minCyclomaticComplexity="1" maxCrapScore="2" minCrapScore="2" visitedClasses="0" numClasses="1" visitedMethods="0" numMethods="1" />
          <FullName>MainLibrary.DataDrivenTest/&lt;&gt;c__DisplayClass2_1</FullName>
          <Methods>
            <Method visited="false" cyclomaticComplexity="1" nPathComplexity="0" sequenceCoverage="0" branchCoverage="0" crapScore="2" isConstructor="true" isStatic="false" isGetter="false" isSetter="false">
              <Summary numSequencePoints="0" visitedSequencePoints="0" numBranchPoints="0" visitedBranchPoints="0" sequenceCoverage="0" branchCoverage="0" maxCyclomaticComplexity="1" minCyclomaticComplexity="1" maxCrapScore="2" minCrapScore="2" visitedClasses="0" numClasses="0" visitedMethods="0" numMethods="0" />
              <MetadataToken>100663316</MetadataToken>
              <Name>System.Void MainLibrary.DataDrivenTest/&lt;&gt;c__DisplayClass2_1::.ctor()</Name>
              <SequencePoints />
              <BranchPoints />
              <MethodPoint vc="0" uspid="83" ordinal="0" offset="0" />
            </Method>
            <Method visited="false" cyclomaticComplexity="1" nPathComplexity="0" sequenceCoverage="0" branchCoverage="0" crapScore="2" isConstructor="false" isStatic="false" isGetter="false" isSetter="false">
              <Summary numSequencePoints="4" visitedSequencePoints="0" numBranchPoints="1" visitedBranchPoints="0" sequenceCoverage="0" branchCoverage="0" maxCyclomaticComplexity="1" minCyclomaticComplexity="1" maxCrapScore="2" minCrapScore="2" visitedClasses="0" numClasses="0" visitedMethods="0" numMethods="1" />
              <MetadataToken>100663317</MetadataToken>
              <Name>System.Void MainLibrary.DataDrivenTest/&lt;&gt;c__DisplayClass2_1::&lt;TestMultipleWithdrawScenarios&gt;b__1()</Name>
              <FileRef uid="3" />
              <SequencePoints>
                <SequencePoint vc="0" uspid="84" ordinal="0" offset="0" sl="39" sc="17" el="39" ec="18" bec="0" bev="0" fileid="3" />
                <SequencePoint vc="0" uspid="85" ordinal="1" offset="1" sl="40" sc="21" el="40" ec="68" bec="0" bev="0" fileid="3" />
                <SequencePoint vc="0" uspid="86" ordinal="2" offset="34" sl="42" sc="21" el="42" ec="79" bec="0" bev="0" fileid="3" />
                <SequencePoint vc="0" uspid="87" ordinal="3" offset="82" sl="43" sc="17" el="43" ec="18" bec="0" bev="0" fileid="3" />
              </SequencePoints>
              <BranchPoints />
              <MethodPoint xsi:type="SequencePoint" vc="0" uspid="84" ordinal="0" offset="0" sl="39" sc="17" el="39" ec="18" bec="0" bev="0" fileid="3" />
            </Method>
          </Methods>
        </Class>
      </Classes>
      <TrackedMethods>
        <TrackedMethod uid="1" token="100663304" name="System.Void MainLibrary.BankAccountTest::BankAccountShouldIncreaseOnPositiveDeposit()" strategy="NUnitTest" />
        <TrackedMethod uid="2" token="100663305" name="System.Void MainLibrary.BankAccountTest::BankAccountShouldDecreaseOnPositiveWithdraw()" strategy="NUnitTest" />
        <TrackedMethod uid="3" token="100663306" name="System.Void MainLibrary.BankAccountTest::BankAccountShouldThrowOnPositiveAmount()" strategy="NUnitTest" />
        <TrackedMethod uid="4" token="100663307" name="System.Void MainLibrary.BankAccountTest::BankAccountLoginOk()" strategy="NUnitTest" />
        <TrackedMethod uid="5" token="100663312" name="System.Void MainLibrary.DataDrivenTest::TestMultipleWithdrawScenarios(System.Int32,System.Boolean,System.Int32)" strategy="NUnitTest" />
        <TrackedMethod uid="6" token="100663312" name="System.Void MainLibrary.DataDrivenTest::TestMultipleWithdrawScenarios(System.Int32,System.Boolean,System.Int32)" strategy="NUnitTest" />
        <TrackedMethod uid="7" token="100663312" name="System.Void MainLibrary.DataDrivenTest::TestMultipleWithdrawScenarios(System.Int32,System.Boolean,System.Int32)" strategy="NUnitTest" />
        <TrackedMethod uid="8" token="100663312" name="System.Void MainLibrary.DataDrivenTest::TestMultipleWithdrawScenarios(System.Int32,System.Boolean,System.Int32)" strategy="NUnitTest" />
        <TrackedMethod uid="9" token="100663312" name="System.Void MainLibrary.DataDrivenTest::TestMultipleWithdrawScenarios(System.Int32,System.Boolean,System.Int32)" strategy="NUnitTest" />
      </TrackedMethods>
    </Module>
  </Modules>
</CoverageSession>